<?xml version="1.0" encoding="UTF-8"?>
<testsuite xmlns:xsi="http://www.w3.org/2001/XMLSchema-instance" xsi:schemaLocation="https://maven.apache.org/surefire/maven-surefire-plugin/xsd/surefire-test-report.xsd" name="TestSuite" time="12.628" tests="14" errors="0" skipped="0" failures="4">
  <properties>
[...]
</properties>
  <testcase name="getAllFlightDetails" classname="aero.sita.digitaltwins.tests.GetTests" time="6.005"/>
  <testcase name="getSingleFlightDetail" classname="aero.sita.digitaltwins.tests.GetTests" time="0.183">
    <failure message="&#10;Expecting actual not to be null" type="java.lang.AssertionError">java.lang.AssertionError: 

Expecting actual not to be null
	at aero.sita.digitaltwins.tests.GetTests.getSingleFlightDetail(GetTests.java:60)
</failure>
    <system-out><![CDATA[Request method:	GET
Request URI:	http://localhost:3000/posts/1
Proxy:			<none>
Request params:	<none>
Query params:	<none>
Form params:	<none>
Path params:	id=1
Headers:		Accept=*/*
Cookies:		<none>
Multiparts:		<none>
Body:			<none>
]]></system-out>
  </testcase>
  <testcase name="postFlightAircraftTypeUpdated" classname="aero.sita.digitaltwins.tests.PostTests" time="0.795"/>
  <testcase name="postFlightAircraftUpdated" classname="aero.sita.digitaltwins.tests.PostTests" time="0.06"/>
  <testcase name="postFlightArrived" classname="aero.sita.digitaltwins.tests.PostTests" time="0.167"/>
  <testcase name="postFlightCancelled" classname="aero.sita.digitaltwins.tests.PostTests" time="0.079">
    <failure message="status code: 201, reason phrase: Created" type="io.restassured.internal.http.ResponseParseException">io.restassured.internal.http.ResponseParseException: status code: 201, reason phrase: Created
	at aero.sita.digitaltwins.tests.PostTests.postFlightCancelled(PostTests.java:179)
Caused by: org.apache.http.ConnectionClosedException: Premature end of chunk coded message body: closing chunk expected
	at aero.sita.digitaltwins.tests.PostTests.postFlightCancelled(PostTests.java:179)
</failure>
    <system-out><![CDATA[Request method:	POST
Request URI:	http://localhost:3000/posts
Proxy:			<none>
Request params:	<none>
Query params:	<none>
Form params:	<none>
Path params:	<none>
Headers:		Accept=*/*
				Content-Type=application/json
Cookies:		<none>
Multiparts:		<none>
Body:
{
    "updateField": "flight_updated",
    "iataAirportCode": "LGA",
    "adi": "arrival",
    "previous": null,
    "current": "2022-02-01T08:42:00-0500",
    "scheduled": "2022-02-01T07:25:00-0500",
    "estimated": "2022-02-01T08:45:00-0500",
    "actual": "2022-02-01T08:42:00-0500",
    "duration": null,
    "operationDate": null,
    "flightRecord": {
        "flightId": "333",
        "actual": "20220201T08:42:000500",
        "adi": "arrival",
        "aircraft": "A319",
        "departureAirportCode": "AMS",
        "arrivalAirportCode": "LGA",
        "city": "Haarlemmermeer",
        "estimated": "2022-02-01T08:45:00-0500",
        "gate": "15B",
        "stand": "44",
        "gateRemarkText": "Concourse B",
        "operatingCarrier": {
            "iata_airline": "UA",
            "733": "1001",
            "airline": "United Airlines",
            "tail_number": "nick ovtime"
        },
        "operationDate": "2022-02-01",
        "scheduled": "2022-02-01T07:25:000500",
        "status": "LN",
        "statusText": "Landed",
        "tailNumber": "nick ovtime",
        "terminal": "",
        "paxCount": 124,
        "standSlots": [
            {
                "stand": "44",
                "start_time": "2022-02-01T08:42:00-0500",
                "end_time": "2022-02-01T09:50:00-0500"
            }
        ],
        "linkedFlight": {
            "adi": "departure",
            "departureAirportCode": "LGA",
            "operatingCarrier": {
                "iata_airline": "UA",
                "733": "1002",
                "airline": "United Airlines"
            },
            "scheduled": "2022-02-01T08:30:00-0500"
        }
    }
}
]]></system-out>
  </testcase>
  <testcase name="postFlightDelayed" classname="aero.sita.digitaltwins.tests.PostTests" time="0.594"/>
  <testcase name="postFlightDetails" classname="aero.sita.digitaltwins.tests.PostTests" time="0.631"/>
  <testcase name="postFlightGateUpdated" classname="aero.sita.digitaltwins.tests.PostTests" time="0.043">
    <failure message="localhost:3000 failed to respond" type="org.apache.http.NoHttpResponseException">org.apache.http.NoHttpResponseException: localhost:3000 failed to respond
	at aero.sita.digitaltwins.tests.PostTests.postFlightGateUpdated(PostTests.java:127)
</failure>
    <system-out><![CDATA[Request method:	POST
Request URI:	http://localhost:3000/posts
Proxy:			<none>
Request params:	<none>
Query params:	<none>
Form params:	<none>
Path params:	<none>
Headers:		Accept=*/*
				Content-Type=application/json
Cookies:		<none>
Multiparts:		<none>
Body:
{
    "updateField": "gate_updated",
    "iataAirportCode": "LGA",
    "adi": "arrival",
    "previous": null,
    "current": "2022-02-01T08:42:00-0500",
    "scheduled": "2022-02-01T07:25:00-0500",
    "estimated": "2022-02-01T08:45:00-0500",
    "actual": "2022-02-01T08:42:00-0500",
    "duration": null,
    "operationDate": null,
    "flightRecord": {
        "flightId": "660",
        "actual": "20220201T08:42:000500",
        "adi": "arrival",
        "aircraft": "A319",
        "departureAirportCode": "AMS",
        "arrivalAirportCode": "LGA",
        "city": "Haarlemmermeer",
        "estimated": "2022-02-01T08:45:00-0500",
        "gate": "15B",
        "stand": "44",
        "gateRemarkText": "Concourse B",
        "operatingCarrier": {
            "iata_airline": "UA",
            "155": "1001",
            "airline": "United Airlines",
            "tail_number": "tom katt"
        },
        "operationDate": "2022-02-01",
        "scheduled": "2022-02-01T07:25:000500",
        "status": "LN",
        "statusText": "Landed",
        "tailNumber": "tom katt",
        "terminal": "",
        "paxCount": 124,
        "standSlots": [
            {
                "stand": "44",
                "start_time": "2022-02-01T08:42:00-0500",
                "end_time": "2022-02-01T09:50:00-0500"
            }
        ],
        "linkedFlight": {
            "adi": "departure",
            "departureAirportCode": "LGA",
            "operatingCarrier": {
                "iata_airline": "UA",
                "155": "1002",
                "airline": "United Airlines"
            },
            "scheduled": "2022-02-01T08:30:00-0500"
        }
    }
}
]]></system-out>
  </testcase>
  <testcase name="postFlightGoToGate" classname="aero.sita.digitaltwins.tests.PostTests" time="0.587"/>
  <testcase name="postFlightInAir" classname="aero.sita.digitaltwins.tests.PostTests" time="0.07"/>
  <testcase name="postFlightLanded" classname="aero.sita.digitaltwins.tests.PostTests" time="0.063"/>
  <testcase name="postFlightLinked" classname="aero.sita.digitaltwins.tests.PostTests" time="0.044">
    <failure message="status code: 201, reason phrase: Created" type="io.restassured.internal.http.ResponseParseException">io.restassured.internal.http.ResponseParseException: status code: 201, reason phrase: Created
	at aero.sita.digitaltwins.tests.PostTests.postFlightLinked(PostTests.java:283)
Caused by: org.apache.http.ConnectionClosedException: Premature end of chunk coded message body: closing chunk expected
	at aero.sita.digitaltwins.tests.PostTests.postFlightLinked(PostTests.java:283)
</failure>
    <system-out><![CDATA[Request method:	POST
Request URI:	http://localhost:3000/posts
Proxy:			<none>
Request params:	<none>
Query params:	<none>
Form params:	<none>
Path params:	<none>
Headers:		Accept=*/*
				Content-Type=application/json
Cookies:		<none>
Multiparts:		<none>
Body:
{
    "updateField": "flight_linked",
    "iataAirportCode": "LGA",
    "adi": "arrival",
    "previous": null,
    "current": "2022-02-01T08:42:00-0500",
    "scheduled": "2022-02-01T07:25:00-0500",
    "estimated": "2022-02-01T08:45:00-0500",
    "actual": "2022-02-01T08:42:00-0500",
    "duration": null,
    "operationDate": null,
    "flightRecord": {
        "flightId": "791",
        "actual": "20220201T08:42:000500",
        "adi": "arrival",
        "aircraft": "A319",
        "departureAirportCode": "AMS",
        "arrivalAirportCode": "LGA",
        "city": "Haarlemmermeer",
        "estimated": "2022-02-01T08:45:00-0500",
        "gate": "15B",
        "stand": "44",
        "gateRemarkText": "Concourse B",
        "operatingCarrier": {
            "iata_airline": "UA",
            "924": "1001",
            "airline": "United Airlines",
            "tail_number": "ivan oder"
        },
        "operationDate": "2022-02-01",
        "scheduled": "2022-02-01T07:25:000500",
        "status": "LN",
        "statusText": "Landed",
        "tailNumber": "ivan oder",
        "terminal": "",
        "paxCount": 124,
        "standSlots": [
            {
                "stand": "44",
                "start_time": "2022-02-01T08:42:00-0500",
                "end_time": "2022-02-01T09:50:00-0500"
            }
        ],
        "linkedFlight": {
            "adi": "departure",
            "departureAirportCode": "LGA",
            "operatingCarrier": {
                "iata_airline": "UA",
                "924": "1002",
                "airline": "United Airlines"
            },
            "scheduled": "2022-02-01T08:30:00-0500"
        }
    }
}
]]></system-out>
  </testcase>
  <testcase name="postFlightStandUpdate" classname="aero.sita.digitaltwins.tests.PostTests" time="0.627"/>
</testsuite>