-------------------------------------------------------------------------------
Test set: TestSuite
-------------------------------------------------------------------------------
Tests run: 14, Failures: 4, Errors: 0, Skipped: 0, Time elapsed: 12.628 sec <<< FAILURE! - in TestSuite
getSingleFlightDetail(aero.sita.digitaltwins.tests.GetTests)  Time elapsed: 0.183 sec  <<< FAILURE!
java.lang.AssertionError: 

Expecting actual not to be null
	at aero.sita.digitaltwins.tests.GetTests.getSingleFlightDetail(GetTests.java:60)

postFlightCancelled(aero.sita.digitaltwins.tests.PostTests)  Time elapsed: 0.079 sec  <<< FAILURE!
io.restassured.internal.http.ResponseParseException: status code: 201, reason phrase: Created
	at aero.sita.digitaltwins.tests.PostTests.postFlightCancelled(PostTests.java:179)
Caused by: org.apache.http.ConnectionClosedException: Premature end of chunk coded message body: closing chunk expected
	at aero.sita.digitaltwins.tests.PostTests.postFlightCancelled(PostTests.java:179)

postFlightGateUpdated(aero.sita.digitaltwins.tests.PostTests)  Time elapsed: 0.043 sec  <<< FAILURE!
org.apache.http.NoHttpResponseException: localhost:3000 failed to respond
	at aero.sita.digitaltwins.tests.PostTests.postFlightGateUpdated(PostTests.java:127)

postFlightLinked(aero.sita.digitaltwins.tests.PostTests)  Time elapsed: 0.044 sec  <<< FAILURE!
io.restassured.internal.http.ResponseParseException: status code: 201, reason phrase: Created
	at aero.sita.digitaltwins.tests.PostTests.postFlightLinked(PostTests.java:283)
Caused by: org.apache.http.ConnectionClosedException: Premature end of chunk coded message body: closing chunk expected
	at aero.sita.digitaltwins.tests.PostTests.postFlightLinked(PostTests.java:283)

