<?xml version="1.0" encoding="UTF-8"?>
<testng-results skipped="0" failed="1" ignored="0" total="2" passed="1">
  <reporter-output>
  </reporter-output>
  <suite name="Default suite" duration-ms="10026" started-at="2022-03-10T18:59:37Z" finished-at="2022-03-10T18:59:47Z">
    <groups>
    </groups>
    <test name="Default test" duration-ms="10026" started-at="2022-03-10T18:59:37Z" finished-at="2022-03-10T18:59:47Z">
      <class name="aero.sita.digitaltwins.tests.GetTests">
        <test-method status="PASS" signature="setUpSuite()[pri:0, instance:aero.sita.digitaltwins.tests.GetTests@6e1567f1]" name="setUpSuite" is-config="true" duration-ms="752" started-at="2022-03-10T18:59:36Z" finished-at="2022-03-10T18:59:37Z">
          <reporter-output>
          </reporter-output>
        </test-method> <!-- setUpSuite -->
        <test-method status="PASS" signature="setUp(java.lang.reflect.Method)[pri:0, instance:aero.sita.digitaltwins.tests.GetTests@6e1567f1]" name="setUp" is-config="true" duration-ms="12" started-at="2022-03-10T18:59:37Z" finished-at="2022-03-10T18:59:37Z">
          <params>
            <param index="0">
              <value>
                <![CDATA[public void aero.sita.digitaltwins.tests.GetTests.getAllFlightDetails()]]>
              </value>
            </param>
          </params>
          <reporter-output>
          </reporter-output>
        </test-method> <!-- setUp -->
        <test-method status="FAIL" signature="getAllFlightDetails()[pri:0, instance:aero.sita.digitaltwins.tests.GetTests@6e1567f1]" name="getAllFlightDetails" duration-ms="8434" started-at="2022-03-10T18:59:37Z" finished-at="2022-03-10T18:59:45Z">
          <exception class="org.junit.ComparisonFailure">
            <message>
              <![CDATA[[Checking the size of the result list] expected:<[15]> but was:<[29]>]]>
            </message>
            <full-stacktrace>
              <![CDATA[org.junit.ComparisonFailure: [Checking the size of the result list] expected:<[15]> but was:<[29]>
at sun.reflect.NativeConstructorAccessorImpl.newInstance0(Native Method)
at sun.reflect.NativeConstructorAccessorImpl.newInstance(NativeConstructorAccessorImpl.java:62)
at sun.reflect.DelegatingConstructorAccessorImpl.newInstance(DelegatingConstructorAccessorImpl.java:45)
at aero.sita.digitaltwins.tests.GetTests.getAllFlightDetails(GetTests.java:38)
at sun.reflect.NativeMethodAccessorImpl.invoke0(Native Method)
at sun.reflect.NativeMethodAccessorImpl.invoke(NativeMethodAccessorImpl.java:62)
at sun.reflect.DelegatingMethodAccessorImpl.invoke(DelegatingMethodAccessorImpl.java:43)
at java.lang.reflect.Method.invoke(Method.java:498)
at org.testng.internal.MethodInvocationHelper.invokeMethod(MethodInvocationHelper.java:124)
at org.testng.internal.Invoker.invokeMethod(Invoker.java:583)
at org.testng.internal.Invoker.invokeTestMethod(Invoker.java:719)
at org.testng.internal.Invoker.invokeTestMethods(Invoker.java:989)
at org.testng.internal.TestMethodWorker.invokeTestMethods(TestMethodWorker.java:125)
at org.testng.internal.TestMethodWorker.run(TestMethodWorker.java:109)
at org.testng.TestRunner.privateRun(TestRunner.java:648)
at org.testng.TestRunner.run(TestRunner.java:505)
at org.testng.SuiteRunner.runTest(SuiteRunner.java:455)
at org.testng.SuiteRunner.runSequentially(SuiteRunner.java:450)
at org.testng.SuiteRunner.privateRun(SuiteRunner.java:415)
at org.testng.SuiteRunner.run(SuiteRunner.java:364)
at org.testng.SuiteRunnerWorker.runSuite(SuiteRunnerWorker.java:52)
at org.testng.SuiteRunnerWorker.run(SuiteRunnerWorker.java:84)
at org.testng.TestNG.runSuitesSequentially(TestNG.java:1208)
at org.testng.TestNG.runSuitesLocally(TestNG.java:1137)
at org.testng.TestNG.runSuites(TestNG.java:1049)
at org.testng.TestNG.run(TestNG.java:1017)
at org.testng.remote.AbstractRemoteTestNG.run(AbstractRemoteTestNG.java:114)
at org.testng.remote.RemoteTestNG.initAndRun(RemoteTestNG.java:251)
at org.testng.remote.RemoteTestNG.main(RemoteTestNG.java:77)
]]>
            </full-stacktrace>
          </exception> <!-- org.junit.ComparisonFailure -->
          <reporter-output>
          </reporter-output>
        </test-method> <!-- getAllFlightDetails -->
        <test-method status="PASS" signature="tearDown(org.testng.ITestResult)[pri:0, instance:aero.sita.digitaltwins.tests.GetTests@6e1567f1]" name="tearDown" is-config="true" duration-ms="1" started-at="2022-03-10T18:59:45Z" finished-at="2022-03-10T18:59:45Z">
          <params>
            <param index="0">
              <value>
                <![CDATA[[TestResult name=getAllFlightDetails status=FAILURE method=GetTests.getAllFlightDetails()[pri:0, instance:aero.sita.digitaltwins.tests.GetTests@6e1567f1] output={null}]]]>
              </value>
            </param>
          </params>
          <reporter-output>
          </reporter-output>
        </test-method> <!-- tearDown -->
        <test-method status="PASS" signature="getSingleFlightDetail()[pri:0, instance:aero.sita.digitaltwins.tests.GetTests@6e1567f1]" name="getSingleFlightDetail" duration-ms="1520" started-at="2022-03-10T18:59:45Z" finished-at="2022-03-10T18:59:47Z">
          <reporter-output>
          </reporter-output>
        </test-method> <!-- getSingleFlightDetail -->
        <test-method status="PASS" signature="setUp(java.lang.reflect.Method)[pri:0, instance:aero.sita.digitaltwins.tests.GetTests@6e1567f1]" name="setUp" is-config="true" duration-ms="0" started-at="2022-03-10T18:59:45Z" finished-at="2022-03-10T18:59:45Z">
          <params>
            <param index="0">
              <value>
                <![CDATA[public void aero.sita.digitaltwins.tests.GetTests.getSingleFlightDetail()]]>
              </value>
            </param>
          </params>
          <reporter-output>
          </reporter-output>
        </test-method> <!-- setUp -->
        <test-method status="PASS" signature="tearDown(org.testng.ITestResult)[pri:0, instance:aero.sita.digitaltwins.tests.GetTests@6e1567f1]" name="tearDown" is-config="true" duration-ms="1" started-at="2022-03-10T18:59:47Z" finished-at="2022-03-10T18:59:47Z">
          <params>
            <param index="0">
              <value>
                <![CDATA[[TestResult name=getSingleFlightDetail status=SUCCESS method=GetTests.getSingleFlightDetail()[pri:0, instance:aero.sita.digitaltwins.tests.GetTests@6e1567f1] output={null}]]]>
              </value>
            </param>
          </params>
          <reporter-output>
          </reporter-output>
        </test-method> <!-- tearDown -->
        <test-method status="PASS" signature="tearDownSuite()[pri:0, instance:aero.sita.digitaltwins.tests.GetTests@6e1567f1]" name="tearDownSuite" is-config="true" duration-ms="411" started-at="2022-03-10T18:59:47Z" finished-at="2022-03-10T18:59:47Z">
          <reporter-output>
          </reporter-output>
        </test-method> <!-- tearDownSuite -->
      </class> <!-- aero.sita.digitaltwins.tests.GetTests -->
    </test> <!-- Default test -->
  </suite> <!-- Default suite -->
</testng-results>
